2015-06-30T15:31:42+00:00 ERR (3): 
exception 'Mage_Api2_Exception' with message 'Request does not match any route.' in /var/www/html/becommerce/app/code/core/Mage/Api2/Model/Router.php:87
Stack trace:
#0 /var/www/html/becommerce/app/code/core/Mage/Api2/Model/Server.php(198): Mage_Api2_Model_Router->route(Object(Mage_Api2_Model_Request))
#1 /var/www/html/becommerce/app/code/core/Mage/Api2/Model/Server.php(105): Mage_Api2_Model_Server->_route(Object(Mage_Api2_Model_Request))
#2 /var/www/html/becommerce/api.php(67): Mage_Api2_Model_Server->run()
#3 {main}
2015-09-11T20:03:52+00:00 ERR (3): 
exception 'Exception' with message 'Image file was not found.' in /var/www/html/becommerce/app/code/core/Mage/Catalog/Model/Product/Image.php:308
Stack trace:
#0 /var/www/html/becommerce/app/code/core/Mage/Catalog/Helper/Image.php(166): Mage_Catalog_Model_Product_Image->setBaseFile(NULL)
#1 /var/www/html/becommerce/app/design/frontend/bekommerce/default/template/page/html/brand.phtml(140): Mage_Catalog_Helper_Image->init(Object(Mage_Catalog_Model_Product), NULL)
#2 /var/www/html/becommerce/app/code/core/Mage/Core/Block/Template.php(241): include('/var/www/html/b...')
#3 /var/www/html/becommerce/app/code/core/Mage/Core/Block/Template.php(272): Mage_Core_Block_Template->fetchView('frontend/bekomm...')
#4 /var/www/html/becommerce/app/code/core/Mage/Core/Block/Template.php(286): Mage_Core_Block_Template->renderView()
#5 /var/www/html/becommerce/app/code/core/Mage/Core/Block/Abstract.php(919): Mage_Core_Block_Template->_toHtml()
#6 /var/www/html/becommerce/app/code/core/Mage/Core/Model/Email/Template/Filter.php(196): Mage_Core_Block_Abstract->toHtml()
#7 [internal function]: Mage_Core_Model_Email_Template_Filter->blockDirective(Array)
#8 /var/www/html/becommerce/lib/Varien/Filter/Template.php(163): call_user_func(Array, Array)
#9 /var/www/html/becommerce/app/code/core/Mage/Core/Model/Email/Template/Filter.php(548): Varien_Filter_Template->filter('<p>{{block type...')
#10 /var/www/html/becommerce/app/code/core/Mage/Cms/Block/Page.php(101): Mage_Core_Model_Email_Template_Filter->filter('<p>{{block type...')
#11 /var/www/html/becommerce/app/code/core/Mage/Core/Block/Abstract.php(919): Mage_Cms_Block_Page->_toHtml()
#12 /var/www/html/becommerce/app/code/core/Mage/Core/Block/Abstract.php(637): Mage_Core_Block_Abstract->toHtml()
#13 /var/www/html/becommerce/app/code/core/Mage/Core/Block/Abstract.php(577): Mage_Core_Block_Abstract->_getChildHtml('cms_page', true)
#14 /var/www/html/becommerce/app/code/core/Mage/Page/Block/Html/Wrapper.php(52): Mage_Core_Block_Abstract->getChildHtml('', true, true)
#15 /var/www/html/becommerce/app/code/core/Mage/Core/Block/Abstract.php(919): Mage_Page_Block_Html_Wrapper->_toHtml()
#16 /var/www/html/becommerce/app/code/core/Mage/Core/Block/Text/List.php(43): Mage_Core_Block_Abstract->toHtml()
#17 /var/www/html/becommerce/app/code/core/Mage/Core/Block/Abstract.php(919): Mage_Core_Block_Text_List->_toHtml()
#18 /var/www/html/becommerce/app/code/core/Mage/Core/Block/Abstract.php(637): Mage_Core_Block_Abstract->toHtml()
#19 /var/www/html/becommerce/app/code/core/Mage/Core/Block/Abstract.php(581): Mage_Core_Block_Abstract->_getChildHtml('content', true)
#20 /var/www/html/becommerce/app/design/frontend/bekommerce/default/template/page/1column.phtml(47): Mage_Core_Block_Abstract->getChildHtml('content')
#21 /var/www/html/becommerce/app/code/core/Mage/Core/Block/Template.php(241): include('/var/www/html/b...')
#22 /var/www/html/becommerce/app/code/core/Mage/Core/Block/Template.php(272): Mage_Core_Block_Template->fetchView('frontend/bekomm...')
#23 /var/www/html/becommerce/app/code/core/Mage/Core/Block/Template.php(286): Mage_Core_Block_Template->renderView()
#24 /var/www/html/becommerce/app/code/core/Mage/Core/Block/Abstract.php(919): Mage_Core_Block_Template->_toHtml()
#25 /var/www/html/becommerce/app/code/core/Mage/Core/Model/Layout.php(555): Mage_Core_Block_Abstract->toHtml()
#26 /var/www/html/becommerce/app/code/core/Mage/Core/Controller/Varien/Action.php(390): Mage_Core_Model_Layout->getOutput()
#27 /var/www/html/becommerce/app/code/core/Mage/Cms/Helper/Page.php(137): Mage_Core_Controller_Varien_Action->renderLayout()
#28 /var/www/html/becommerce/app/code/core/Mage/Cms/Helper/Page.php(52): Mage_Cms_Helper_Page->_renderPage(Object(Mage_Cms_IndexController), 'home')
#29 /var/www/html/becommerce/app/code/core/Mage/Cms/controllers/IndexController.php(45): Mage_Cms_Helper_Page->renderPage(Object(Mage_Cms_IndexController), 'home')
#30 /var/www/html/becommerce/app/code/core/Mage/Core/Controller/Varien/Action.php(418): Mage_Cms_IndexController->indexAction()
#31 /var/www/html/becommerce/app/code/core/Mage/Core/Controller/Varien/Router/Standard.php(254): Mage_Core_Controller_Varien_Action->dispatch('index')
#32 /var/www/html/becommerce/app/code/core/Mage/Core/Controller/Varien/Front.php(172): Mage_Core_Controller_Varien_Router_Standard->match(Object(Mage_Core_Controller_Request_Http))
#33 /var/www/html/becommerce/app/code/core/Mage/Core/Model/App.php(354): Mage_Core_Controller_Varien_Front->dispatch()
#34 /var/www/html/becommerce/app/Mage.php(684): Mage_Core_Model_App->run(Array)
#35 /var/www/html/becommerce/index.php(87): Mage::run('', 'store')
#36 {main}
2015-09-11T20:04:15+00:00 ERR (3): 
exception 'Exception' with message 'Image file was not found.' in /var/www/html/becommerce/app/code/core/Mage/Catalog/Model/Product/Image.php:308
Stack trace:
#0 /var/www/html/becommerce/app/code/core/Mage/Catalog/Helper/Image.php(166): Mage_Catalog_Model_Product_Image->setBaseFile(NULL)
#1 /var/www/html/becommerce/app/design/frontend/bekommerce/default/template/page/html/brand.phtml(140): Mage_Catalog_Helper_Image->init(Object(Mage_Catalog_Model_Product), Object(Mage_Catalog_Model_Product))
#2 /var/www/html/becommerce/app/code/core/Mage/Core/Block/Template.php(241): include('/var/www/html/b...')
#3 /var/www/html/becommerce/app/code/core/Mage/Core/Block/Template.php(272): Mage_Core_Block_Template->fetchView('frontend/bekomm...')
#4 /var/www/html/becommerce/app/code/core/Mage/Core/Block/Template.php(286): Mage_Core_Block_Template->renderView()
#5 /var/www/html/becommerce/app/code/core/Mage/Core/Block/Abstract.php(919): Mage_Core_Block_Template->_toHtml()
#6 /var/www/html/becommerce/app/code/core/Mage/Core/Model/Email/Template/Filter.php(196): Mage_Core_Block_Abstract->toHtml()
#7 [internal function]: Mage_Core_Model_Email_Template_Filter->blockDirective(Array)
#8 /var/www/html/becommerce/lib/Varien/Filter/Template.php(163): call_user_func(Array, Array)
#9 /var/www/html/becommerce/app/code/core/Mage/Core/Model/Email/Template/Filter.php(548): Varien_Filter_Template->filter('<p>{{block type...')
#10 /var/www/html/becommerce/app/code/core/Mage/Cms/Block/Page.php(101): Mage_Core_Model_Email_Template_Filter->filter('<p>{{block type...')
#11 /var/www/html/becommerce/app/code/core/Mage/Core/Block/Abstract.php(919): Mage_Cms_Block_Page->_toHtml()
#12 /var/www/html/becommerce/app/code/core/Mage/Core/Block/Abstract.php(637): Mage_Core_Block_Abstract->toHtml()
#13 /var/www/html/becommerce/app/code/core/Mage/Core/Block/Abstract.php(577): Mage_Core_Block_Abstract->_getChildHtml('cms_page', true)
#14 /var/www/html/becommerce/app/code/core/Mage/Page/Block/Html/Wrapper.php(52): Mage_Core_Block_Abstract->getChildHtml('', true, true)
#15 /var/www/html/becommerce/app/code/core/Mage/Core/Block/Abstract.php(919): Mage_Page_Block_Html_Wrapper->_toHtml()
#16 /var/www/html/becommerce/app/code/core/Mage/Core/Block/Text/List.php(43): Mage_Core_Block_Abstract->toHtml()
#17 /var/www/html/becommerce/app/code/core/Mage/Core/Block/Abstract.php(919): Mage_Core_Block_Text_List->_toHtml()
#18 /var/www/html/becommerce/app/code/core/Mage/Core/Block/Abstract.php(637): Mage_Core_Block_Abstract->toHtml()
#19 /var/www/html/becommerce/app/code/core/Mage/Core/Block/Abstract.php(581): Mage_Core_Block_Abstract->_getChildHtml('content', true)
#20 /var/www/html/becommerce/app/design/frontend/bekommerce/default/template/page/1column.phtml(47): Mage_Core_Block_Abstract->getChildHtml('content')
#21 /var/www/html/becommerce/app/code/core/Mage/Core/Block/Template.php(241): include('/var/www/html/b...')
#22 /var/www/html/becommerce/app/code/core/Mage/Core/Block/Template.php(272): Mage_Core_Block_Template->fetchView('frontend/bekomm...')
#23 /var/www/html/becommerce/app/code/core/Mage/Core/Block/Template.php(286): Mage_Core_Block_Template->renderView()
#24 /var/www/html/becommerce/app/code/core/Mage/Core/Block/Abstract.php(919): Mage_Core_Block_Template->_toHtml()
#25 /var/www/html/becommerce/app/code/core/Mage/Core/Model/Layout.php(555): Mage_Core_Block_Abstract->toHtml()
#26 /var/www/html/becommerce/app/code/core/Mage/Core/Controller/Varien/Action.php(390): Mage_Core_Model_Layout->getOutput()
#27 /var/www/html/becommerce/app/code/core/Mage/Cms/Helper/Page.php(137): Mage_Core_Controller_Varien_Action->renderLayout()
#28 /var/www/html/becommerce/app/code/core/Mage/Cms/Helper/Page.php(52): Mage_Cms_Helper_Page->_renderPage(Object(Mage_Cms_IndexController), 'home')
#29 /var/www/html/becommerce/app/code/core/Mage/Cms/controllers/IndexController.php(45): Mage_Cms_Helper_Page->renderPage(Object(Mage_Cms_IndexController), 'home')
#30 /var/www/html/becommerce/app/code/core/Mage/Core/Controller/Varien/Action.php(418): Mage_Cms_IndexController->indexAction()
#31 /var/www/html/becommerce/app/code/core/Mage/Core/Controller/Varien/Router/Standard.php(254): Mage_Core_Controller_Varien_Action->dispatch('index')
#32 /var/www/html/becommerce/app/code/core/Mage/Core/Controller/Varien/Front.php(172): Mage_Core_Controller_Varien_Router_Standard->match(Object(Mage_Core_Controller_Request_Http))
#33 /var/www/html/becommerce/app/code/core/Mage/Core/Model/App.php(354): Mage_Core_Controller_Varien_Front->dispatch()
#34 /var/www/html/becommerce/app/Mage.php(684): Mage_Core_Model_App->run(Array)
#35 /var/www/html/becommerce/index.php(87): Mage::run('', 'store')
#36 {main}
2015-09-11T20:04:27+00:00 ERR (3): 
exception 'Exception' with message 'Image file was not found.' in /var/www/html/becommerce/app/code/core/Mage/Catalog/Model/Product/Image.php:308
Stack trace:
#0 /var/www/html/becommerce/app/code/core/Mage/Catalog/Helper/Image.php(166): Mage_Catalog_Model_Product_Image->setBaseFile(NULL)
#1 /var/www/html/becommerce/app/design/frontend/bekommerce/default/template/page/html/brand.phtml(140): Mage_Catalog_Helper_Image->init(Object(Mage_Catalog_Model_Product), Object(Mage_Catalog_Model_Product))
#2 /var/www/html/becommerce/app/code/core/Mage/Core/Block/Template.php(241): include('/var/www/html/b...')
#3 /var/www/html/becommerce/app/code/core/Mage/Core/Block/Template.php(272): Mage_Core_Block_Template->fetchView('frontend/bekomm...')
#4 /var/www/html/becommerce/app/code/core/Mage/Core/Block/Template.php(286): Mage_Core_Block_Template->renderView()
#5 /var/www/html/becommerce/app/code/core/Mage/Core/Block/Abstract.php(919): Mage_Core_Block_Template->_toHtml()
#6 /var/www/html/becommerce/app/code/core/Mage/Core/Model/Email/Template/Filter.php(196): Mage_Core_Block_Abstract->toHtml()
#7 [internal function]: Mage_Core_Model_Email_Template_Filter->blockDirective(Array)
#8 /var/www/html/becommerce/lib/Varien/Filter/Template.php(163): call_user_func(Array, Array)
#9 /var/www/html/becommerce/app/code/core/Mage/Core/Model/Email/Template/Filter.php(548): Varien_Filter_Template->filter('<p>{{block type...')
#10 /var/www/html/becommerce/app/code/core/Mage/Cms/Block/Page.php(101): Mage_Core_Model_Email_Template_Filter->filter('<p>{{block type...')
#11 /var/www/html/becommerce/app/code/core/Mage/Core/Block/Abstract.php(919): Mage_Cms_Block_Page->_toHtml()
#12 /var/www/html/becommerce/app/code/core/Mage/Core/Block/Abstract.php(637): Mage_Core_Block_Abstract->toHtml()
#13 /var/www/html/becommerce/app/code/core/Mage/Core/Block/Abstract.php(577): Mage_Core_Block_Abstract->_getChildHtml('cms_page', true)
#14 /var/www/html/becommerce/app/code/core/Mage/Page/Block/Html/Wrapper.php(52): Mage_Core_Block_Abstract->getChildHtml('', true, true)
#15 /var/www/html/becommerce/app/code/core/Mage/Core/Block/Abstract.php(919): Mage_Page_Block_Html_Wrapper->_toHtml()
#16 /var/www/html/becommerce/app/code/core/Mage/Core/Block/Text/List.php(43): Mage_Core_Block_Abstract->toHtml()
#17 /var/www/html/becommerce/app/code/core/Mage/Core/Block/Abstract.php(919): Mage_Core_Block_Text_List->_toHtml()
#18 /var/www/html/becommerce/app/code/core/Mage/Core/Block/Abstract.php(637): Mage_Core_Block_Abstract->toHtml()
#19 /var/www/html/becommerce/app/code/core/Mage/Core/Block/Abstract.php(581): Mage_Core_Block_Abstract->_getChildHtml('content', true)
#20 /var/www/html/becommerce/app/design/frontend/bekommerce/default/template/page/1column.phtml(47): Mage_Core_Block_Abstract->getChildHtml('content')
#21 /var/www/html/becommerce/app/code/core/Mage/Core/Block/Template.php(241): include('/var/www/html/b...')
#22 /var/www/html/becommerce/app/code/core/Mage/Core/Block/Template.php(272): Mage_Core_Block_Template->fetchView('frontend/bekomm...')
#23 /var/www/html/becommerce/app/code/core/Mage/Core/Block/Template.php(286): Mage_Core_Block_Template->renderView()
#24 /var/www/html/becommerce/app/code/core/Mage/Core/Block/Abstract.php(919): Mage_Core_Block_Template->_toHtml()
#25 /var/www/html/becommerce/app/code/core/Mage/Core/Model/Layout.php(555): Mage_Core_Block_Abstract->toHtml()
#26 /var/www/html/becommerce/app/code/core/Mage/Core/Controller/Varien/Action.php(390): Mage_Core_Model_Layout->getOutput()
#27 /var/www/html/becommerce/app/code/core/Mage/Cms/Helper/Page.php(137): Mage_Core_Controller_Varien_Action->renderLayout()
#28 /var/www/html/becommerce/app/code/core/Mage/Cms/Helper/Page.php(52): Mage_Cms_Helper_Page->_renderPage(Object(Mage_Cms_IndexController), 'home')
#29 /var/www/html/becommerce/app/code/core/Mage/Cms/controllers/IndexController.php(45): Mage_Cms_Helper_Page->renderPage(Object(Mage_Cms_IndexController), 'home')
#30 /var/www/html/becommerce/app/code/core/Mage/Core/Controller/Varien/Action.php(418): Mage_Cms_IndexController->indexAction()
#31 /var/www/html/becommerce/app/code/core/Mage/Core/Controller/Varien/Router/Standard.php(254): Mage_Core_Controller_Varien_Action->dispatch('index')
#32 /var/www/html/becommerce/app/code/core/Mage/Core/Controller/Varien/Front.php(172): Mage_Core_Controller_Varien_Router_Standard->match(Object(Mage_Core_Controller_Request_Http))
#33 /var/www/html/becommerce/app/code/core/Mage/Core/Model/App.php(354): Mage_Core_Controller_Varien_Front->dispatch()
#34 /var/www/html/becommerce/app/Mage.php(684): Mage_Core_Model_App->run(Array)
#35 /var/www/html/becommerce/index.php(87): Mage::run('', 'store')
#36 {main}
2015-11-03T21:28:01+00:00 ERR (3): 
exception 'Mage_Core_Exception' with message 'PayPal NVP gateway errors: Security header is not valid (#10002: Security error). Correlation ID: 7831def6728e9. Version: 72.0.' in /var/www/html/becommerce/app/code/core/Mage/Paypal/Model/Api/Nvp.php:1062
Stack trace:
#0 /var/www/html/becommerce/app/code/core/Mage/Paypal/Model/Api/Nvp.php(1008): Mage_Paypal_Model_Api_Nvp->_handleCallErrors(Array)
#1 /var/www/html/becommerce/app/code/core/Mage/Paypal/Model/Api/Nvp.php(616): Mage_Paypal_Model_Api_Nvp->call('SetExpressCheck...', Array)
#2 /var/www/html/becommerce/app/code/core/Mage/Paypal/Model/Express/Checkout.php(381): Mage_Paypal_Model_Api_Nvp->callSetExpressCheckout()
#3 /var/www/html/becommerce/app/code/core/Mage/Paypal/Controller/Express/Abstract.php(108): Mage_Paypal_Model_Express_Checkout->start('http://ec2-52-5...', 'http://ec2-52-5...', false)
#4 /var/www/html/becommerce/app/code/core/Mage/Core/Controller/Varien/Action.php(418): Mage_Paypal_Controller_Express_Abstract->startAction()
#5 /var/www/html/becommerce/app/code/core/Mage/Core/Controller/Varien/Router/Standard.php(254): Mage_Core_Controller_Varien_Action->dispatch('start')
#6 /var/www/html/becommerce/app/code/core/Mage/Core/Controller/Varien/Front.php(172): Mage_Core_Controller_Varien_Router_Standard->match(Object(Mage_Core_Controller_Request_Http))
#7 /var/www/html/becommerce/app/code/core/Mage/Core/Model/App.php(354): Mage_Core_Controller_Varien_Front->dispatch()
#8 /var/www/html/becommerce/app/Mage.php(684): Mage_Core_Model_App->run(Array)
#9 /var/www/html/becommerce/index.php(87): Mage::run('', 'store')
#10 {main}
2015-11-03T21:31:16+00:00 ERR (3): 
exception 'Mage_Core_Exception' with message 'PayPal NVP gateway errors: Security header is not valid (#10002: Security error). Correlation ID: e3c9eb19bcdde. Version: 72.0.' in /var/www/html/becommerce/app/code/core/Mage/Paypal/Model/Api/Nvp.php:1062
Stack trace:
#0 /var/www/html/becommerce/app/code/core/Mage/Paypal/Model/Api/Nvp.php(1008): Mage_Paypal_Model_Api_Nvp->_handleCallErrors(Array)
#1 /var/www/html/becommerce/app/code/core/Mage/Paypal/Model/Api/Nvp.php(616): Mage_Paypal_Model_Api_Nvp->call('SetExpressCheck...', Array)
#2 /var/www/html/becommerce/app/code/core/Mage/Paypal/Model/Express/Checkout.php(381): Mage_Paypal_Model_Api_Nvp->callSetExpressCheckout()
#3 /var/www/html/becommerce/app/code/core/Mage/Paypal/Controller/Express/Abstract.php(108): Mage_Paypal_Model_Express_Checkout->start('http://ec2-52-5...', 'http://ec2-52-5...', false)
#4 /var/www/html/becommerce/app/code/core/Mage/Core/Controller/Varien/Action.php(418): Mage_Paypal_Controller_Express_Abstract->startAction()
#5 /var/www/html/becommerce/app/code/core/Mage/Core/Controller/Varien/Router/Standard.php(254): Mage_Core_Controller_Varien_Action->dispatch('start')
#6 /var/www/html/becommerce/app/code/core/Mage/Core/Controller/Varien/Front.php(172): Mage_Core_Controller_Varien_Router_Standard->match(Object(Mage_Core_Controller_Request_Http))
#7 /var/www/html/becommerce/app/code/core/Mage/Core/Model/App.php(354): Mage_Core_Controller_Varien_Front->dispatch()
#8 /var/www/html/becommerce/app/Mage.php(684): Mage_Core_Model_App->run(Array)
#9 /var/www/html/becommerce/index.php(87): Mage::run('', 'store')
#10 {main}
2015-11-06T18:42:23+00:00 ERR (3): 
exception 'Varien_Exception' with message 'Invalid method Mage_Catalog_Block_Product_View::_isSecure(Array
(
)
)' in /var/www/html/becommerce/lib/Varien/Object.php:653
Stack trace:
#0 /var/www/html/becommerce/app/design/frontend/rwd/default/template/catalog/product/view.phtml(42): Varien_Object->__call('_isSecure', Array)
#1 /var/www/html/becommerce/app/design/frontend/rwd/default/template/catalog/product/view.phtml(42): Mage_Catalog_Block_Product_View->_isSecure()
#2 /var/www/html/becommerce/app/code/core/Mage/Core/Block/Template.php(241): include('/var/www/html/b...')
#3 /var/www/html/becommerce/app/code/core/Mage/Core/Block/Template.php(272): Mage_Core_Block_Template->fetchView('frontend/rwd/de...')
#4 /var/www/html/becommerce/app/code/core/Mage/Core/Block/Template.php(286): Mage_Core_Block_Template->renderView()
#5 /var/www/html/becommerce/app/code/core/Mage/Core/Block/Abstract.php(919): Mage_Core_Block_Template->_toHtml()
#6 /var/www/html/becommerce/app/code/core/Mage/Core/Block/Text/List.php(43): Mage_Core_Block_Abstract->toHtml()
#7 /var/www/html/becommerce/app/code/core/Mage/Core/Block/Abstract.php(919): Mage_Core_Block_Text_List->_toHtml()
#8 /var/www/html/becommerce/app/code/core/Mage/Core/Block/Abstract.php(637): Mage_Core_Block_Abstract->toHtml()
#9 /var/www/html/becommerce/app/code/core/Mage/Core/Block/Abstract.php(581): Mage_Core_Block_Abstract->_getChildHtml('content', true)
#10 /var/www/html/becommerce/app/design/frontend/rwd/default/template/page/1column.phtml(55): Mage_Core_Block_Abstract->getChildHtml('content')
#11 /var/www/html/becommerce/app/code/core/Mage/Core/Block/Template.php(241): include('/var/www/html/b...')
#12 /var/www/html/becommerce/app/code/core/Mage/Core/Block/Template.php(272): Mage_Core_Block_Template->fetchView('frontend/rwd/de...')
#13 /var/www/html/becommerce/app/code/core/Mage/Core/Block/Template.php(286): Mage_Core_Block_Template->renderView()
#14 /var/www/html/becommerce/app/code/core/Mage/Core/Block/Abstract.php(919): Mage_Core_Block_Template->_toHtml()
#15 /var/www/html/becommerce/app/code/core/Mage/Core/Model/Layout.php(555): Mage_Core_Block_Abstract->toHtml()
#16 /var/www/html/becommerce/app/code/core/Mage/Core/Controller/Varien/Action.php(390): Mage_Core_Model_Layout->getOutput()
#17 /var/www/html/becommerce/app/code/core/Mage/Catalog/Helper/Product/View.php(147): Mage_Core_Controller_Varien_Action->renderLayout()
#18 /var/www/html/becommerce/app/code/core/Mage/Catalog/controllers/ProductController.php(132): Mage_Catalog_Helper_Product_View->prepareAndRender(877, Object(Mage_Catalog_ProductController), Object(Varien_Object))
#19 /var/www/html/becommerce/app/code/core/Mage/Core/Controller/Varien/Action.php(418): Mage_Catalog_ProductController->viewAction()
#20 /var/www/html/becommerce/app/code/core/Mage/Core/Controller/Varien/Router/Standard.php(254): Mage_Core_Controller_Varien_Action->dispatch('view')
#21 /var/www/html/becommerce/app/code/core/Mage/Core/Controller/Varien/Front.php(172): Mage_Core_Controller_Varien_Router_Standard->match(Object(Mage_Core_Controller_Request_Http))
#22 /var/www/html/becommerce/app/code/core/Mage/Core/Model/App.php(354): Mage_Core_Controller_Varien_Front->dispatch()
#23 /var/www/html/becommerce/app/Mage.php(684): Mage_Core_Model_App->run(Array)
#24 /var/www/html/becommerce/index.php(87): Mage::run('', 'store')
#25 {main}
2015-11-06T18:42:33+00:00 ERR (3): 
exception 'Varien_Exception' with message 'Invalid method Mage_Catalog_Block_Product_View::_isSecure(Array
(
)
)' in /var/www/html/becommerce/lib/Varien/Object.php:653
Stack trace:
#0 /var/www/html/becommerce/app/design/frontend/rwd/default/template/catalog/product/view.phtml(42): Varien_Object->__call('_isSecure', Array)
#1 /var/www/html/becommerce/app/design/frontend/rwd/default/template/catalog/product/view.phtml(42): Mage_Catalog_Block_Product_View->_isSecure()
#2 /var/www/html/becommerce/app/code/core/Mage/Core/Block/Template.php(241): include('/var/www/html/b...')
#3 /var/www/html/becommerce/app/code/core/Mage/Core/Block/Template.php(272): Mage_Core_Block_Template->fetchView('frontend/rwd/de...')
#4 /var/www/html/becommerce/app/code/core/Mage/Core/Block/Template.php(286): Mage_Core_Block_Template->renderView()
#5 /var/www/html/becommerce/app/code/core/Mage/Core/Block/Abstract.php(919): Mage_Core_Block_Template->_toHtml()
#6 /var/www/html/becommerce/app/code/core/Mage/Core/Block/Text/List.php(43): Mage_Core_Block_Abstract->toHtml()
#7 /var/www/html/becommerce/app/code/core/Mage/Core/Block/Abstract.php(919): Mage_Core_Block_Text_List->_toHtml()
#8 /var/www/html/becommerce/app/code/core/Mage/Core/Block/Abstract.php(637): Mage_Core_Block_Abstract->toHtml()
#9 /var/www/html/becommerce/app/code/core/Mage/Core/Block/Abstract.php(581): Mage_Core_Block_Abstract->_getChildHtml('content', true)
#10 /var/www/html/becommerce/app/design/frontend/rwd/default/template/page/1column.phtml(55): Mage_Core_Block_Abstract->getChildHtml('content')
#11 /var/www/html/becommerce/app/code/core/Mage/Core/Block/Template.php(241): include('/var/www/html/b...')
#12 /var/www/html/becommerce/app/code/core/Mage/Core/Block/Template.php(272): Mage_Core_Block_Template->fetchView('frontend/rwd/de...')
#13 /var/www/html/becommerce/app/code/core/Mage/Core/Block/Template.php(286): Mage_Core_Block_Template->renderView()
#14 /var/www/html/becommerce/app/code/core/Mage/Core/Block/Abstract.php(919): Mage_Core_Block_Template->_toHtml()
#15 /var/www/html/becommerce/app/code/core/Mage/Core/Model/Layout.php(555): Mage_Core_Block_Abstract->toHtml()
#16 /var/www/html/becommerce/app/code/core/Mage/Core/Controller/Varien/Action.php(390): Mage_Core_Model_Layout->getOutput()
#17 /var/www/html/becommerce/app/code/core/Mage/Catalog/Helper/Product/View.php(147): Mage_Core_Controller_Varien_Action->renderLayout()
#18 /var/www/html/becommerce/app/code/core/Mage/Catalog/controllers/ProductController.php(132): Mage_Catalog_Helper_Product_View->prepareAndRender(877, Object(Mage_Catalog_ProductController), Object(Varien_Object))
#19 /var/www/html/becommerce/app/code/core/Mage/Core/Controller/Varien/Action.php(418): Mage_Catalog_ProductController->viewAction()
#20 /var/www/html/becommerce/app/code/core/Mage/Core/Controller/Varien/Router/Standard.php(254): Mage_Core_Controller_Varien_Action->dispatch('view')
#21 /var/www/html/becommerce/app/code/core/Mage/Core/Controller/Varien/Front.php(172): Mage_Core_Controller_Varien_Router_Standard->match(Object(Mage_Core_Controller_Request_Http))
#22 /var/www/html/becommerce/app/code/core/Mage/Core/Model/App.php(354): Mage_Core_Controller_Varien_Front->dispatch()
#23 /var/www/html/becommerce/app/Mage.php(684): Mage_Core_Model_App->run(Array)
#24 /var/www/html/becommerce/index.php(87): Mage::run('', 'store')
#25 {main}
2015-11-06T18:43:49+00:00 ERR (3): 
exception 'Varien_Exception' with message 'Invalid method Mage_Catalog_Block_Product_View::_isSecure(Array
(
)
)' in /var/www/html/becommerce/lib/Varien/Object.php:653
Stack trace:
#0 /var/www/html/becommerce/app/design/frontend/rwd/default/template/catalog/product/view.phtml(42): Varien_Object->__call('_isSecure', Array)
#1 /var/www/html/becommerce/app/design/frontend/rwd/default/template/catalog/product/view.phtml(42): Mage_Catalog_Block_Product_View->_isSecure()
#2 /var/www/html/becommerce/app/code/core/Mage/Core/Block/Template.php(241): include('/var/www/html/b...')
#3 /var/www/html/becommerce/app/code/core/Mage/Core/Block/Template.php(272): Mage_Core_Block_Template->fetchView('frontend/rwd/de...')
#4 /var/www/html/becommerce/app/code/core/Mage/Core/Block/Template.php(286): Mage_Core_Block_Template->renderView()
#5 /var/www/html/becommerce/app/code/core/Mage/Core/Block/Abstract.php(919): Mage_Core_Block_Template->_toHtml()
#6 /var/www/html/becommerce/app/code/core/Mage/Core/Block/Text/List.php(43): Mage_Core_Block_Abstract->toHtml()
#7 /var/www/html/becommerce/app/code/core/Mage/Core/Block/Abstract.php(919): Mage_Core_Block_Text_List->_toHtml()
#8 /var/www/html/becommerce/app/code/core/Mage/Core/Block/Abstract.php(637): Mage_Core_Block_Abstract->toHtml()
#9 /var/www/html/becommerce/app/code/core/Mage/Core/Block/Abstract.php(581): Mage_Core_Block_Abstract->_getChildHtml('content', true)
#10 /var/www/html/becommerce/app/design/frontend/rwd/default/template/page/1column.phtml(55): Mage_Core_Block_Abstract->getChildHtml('content')
#11 /var/www/html/becommerce/app/code/core/Mage/Core/Block/Template.php(241): include('/var/www/html/b...')
#12 /var/www/html/becommerce/app/code/core/Mage/Core/Block/Template.php(272): Mage_Core_Block_Template->fetchView('frontend/rwd/de...')
#13 /var/www/html/becommerce/app/code/core/Mage/Core/Block/Template.php(286): Mage_Core_Block_Template->renderView()
#14 /var/www/html/becommerce/app/code/core/Mage/Core/Block/Abstract.php(919): Mage_Core_Block_Template->_toHtml()
#15 /var/www/html/becommerce/app/code/core/Mage/Core/Model/Layout.php(555): Mage_Core_Block_Abstract->toHtml()
#16 /var/www/html/becommerce/app/code/core/Mage/Core/Controller/Varien/Action.php(390): Mage_Core_Model_Layout->getOutput()
#17 /var/www/html/becommerce/app/code/core/Mage/Catalog/Helper/Product/View.php(147): Mage_Core_Controller_Varien_Action->renderLayout()
#18 /var/www/html/becommerce/app/code/core/Mage/Catalog/controllers/ProductController.php(132): Mage_Catalog_Helper_Product_View->prepareAndRender(877, Object(Mage_Catalog_ProductController), Object(Varien_Object))
#19 /var/www/html/becommerce/app/code/core/Mage/Core/Controller/Varien/Action.php(418): Mage_Catalog_ProductController->viewAction()
#20 /var/www/html/becommerce/app/code/core/Mage/Core/Controller/Varien/Router/Standard.php(254): Mage_Core_Controller_Varien_Action->dispatch('view')
#21 /var/www/html/becommerce/app/code/core/Mage/Core/Controller/Varien/Front.php(172): Mage_Core_Controller_Varien_Router_Standard->match(Object(Mage_Core_Controller_Request_Http))
#22 /var/www/html/becommerce/app/code/core/Mage/Core/Model/App.php(354): Mage_Core_Controller_Varien_Front->dispatch()
#23 /var/www/html/becommerce/app/Mage.php(684): Mage_Core_Model_App->run(Array)
#24 /var/www/html/becommerce/index.php(87): Mage::run('', 'store')
#25 {main}
2015-11-06T18:44:04+00:00 ERR (3): 
exception 'Varien_Exception' with message 'Invalid method Mage_Catalog_Block_Product_View::_isSecure(Array
(
)
)' in /var/www/html/becommerce/lib/Varien/Object.php:653
Stack trace:
#0 /var/www/html/becommerce/app/design/frontend/rwd/default/template/catalog/product/view.phtml(42): Varien_Object->__call('_isSecure', Array)
#1 /var/www/html/becommerce/app/design/frontend/rwd/default/template/catalog/product/view.phtml(42): Mage_Catalog_Block_Product_View->_isSecure()
#2 /var/www/html/becommerce/app/code/core/Mage/Core/Block/Template.php(241): include('/var/www/html/b...')
#3 /var/www/html/becommerce/app/code/core/Mage/Core/Block/Template.php(272): Mage_Core_Block_Template->fetchView('frontend/rwd/de...')
#4 /var/www/html/becommerce/app/code/core/Mage/Core/Block/Template.php(286): Mage_Core_Block_Template->renderView()
#5 /var/www/html/becommerce/app/code/core/Mage/Core/Block/Abstract.php(919): Mage_Core_Block_Template->_toHtml()
#6 /var/www/html/becommerce/app/code/core/Mage/Core/Block/Text/List.php(43): Mage_Core_Block_Abstract->toHtml()
#7 /var/www/html/becommerce/app/code/core/Mage/Core/Block/Abstract.php(919): Mage_Core_Block_Text_List->_toHtml()
#8 /var/www/html/becommerce/app/code/core/Mage/Core/Block/Abstract.php(637): Mage_Core_Block_Abstract->toHtml()
#9 /var/www/html/becommerce/app/code/core/Mage/Core/Block/Abstract.php(581): Mage_Core_Block_Abstract->_getChildHtml('content', true)
#10 /var/www/html/becommerce/app/design/frontend/rwd/default/template/page/1column.phtml(55): Mage_Core_Block_Abstract->getChildHtml('content')
#11 /var/www/html/becommerce/app/code/core/Mage/Core/Block/Template.php(241): include('/var/www/html/b...')
#12 /var/www/html/becommerce/app/code/core/Mage/Core/Block/Template.php(272): Mage_Core_Block_Template->fetchView('frontend/rwd/de...')
#13 /var/www/html/becommerce/app/code/core/Mage/Core/Block/Template.php(286): Mage_Core_Block_Template->renderView()
#14 /var/www/html/becommerce/app/code/core/Mage/Core/Block/Abstract.php(919): Mage_Core_Block_Template->_toHtml()
#15 /var/www/html/becommerce/app/code/core/Mage/Core/Model/Layout.php(555): Mage_Core_Block_Abstract->toHtml()
#16 /var/www/html/becommerce/app/code/core/Mage/Core/Controller/Varien/Action.php(390): Mage_Core_Model_Layout->getOutput()
#17 /var/www/html/becommerce/app/code/core/Mage/Catalog/Helper/Product/View.php(147): Mage_Core_Controller_Varien_Action->renderLayout()
#18 /var/www/html/becommerce/app/code/core/Mage/Catalog/controllers/ProductController.php(132): Mage_Catalog_Helper_Product_View->prepareAndRender(877, Object(Mage_Catalog_ProductController), Object(Varien_Object))
#19 /var/www/html/becommerce/app/code/core/Mage/Core/Controller/Varien/Action.php(418): Mage_Catalog_ProductController->viewAction()
#20 /var/www/html/becommerce/app/code/core/Mage/Core/Controller/Varien/Router/Standard.php(254): Mage_Core_Controller_Varien_Action->dispatch('view')
#21 /var/www/html/becommerce/app/code/core/Mage/Core/Controller/Varien/Front.php(172): Mage_Core_Controller_Varien_Router_Standard->match(Object(Mage_Core_Controller_Request_Http))
#22 /var/www/html/becommerce/app/code/core/Mage/Core/Model/App.php(354): Mage_Core_Controller_Varien_Front->dispatch()
#23 /var/www/html/becommerce/app/Mage.php(684): Mage_Core_Model_App->run(Array)
#24 /var/www/html/becommerce/index.php(87): Mage::run('', 'store')
#25 {main}
2015-11-06T18:45:51+00:00 ERR (3): 
exception 'Varien_Exception' with message 'Invalid method Mage_Catalog_Block_Product_View::_isSecure(Array
(
)
)' in /var/www/html/becommerce/lib/Varien/Object.php:653
Stack trace:
#0 /var/www/html/becommerce/app/design/frontend/rwd/default/template/catalog/product/view.phtml(42): Varien_Object->__call('_isSecure', Array)
#1 /var/www/html/becommerce/app/design/frontend/rwd/default/template/catalog/product/view.phtml(42): Mage_Catalog_Block_Product_View->_isSecure()
#2 /var/www/html/becommerce/app/code/core/Mage/Core/Block/Template.php(241): include('/var/www/html/b...')
#3 /var/www/html/becommerce/app/code/core/Mage/Core/Block/Template.php(272): Mage_Core_Block_Template->fetchView('frontend/rwd/de...')
#4 /var/www/html/becommerce/app/code/core/Mage/Core/Block/Template.php(286): Mage_Core_Block_Template->renderView()
#5 /var/www/html/becommerce/app/code/core/Mage/Core/Block/Abstract.php(919): Mage_Core_Block_Template->_toHtml()
#6 /var/www/html/becommerce/app/code/core/Mage/Core/Block/Text/List.php(43): Mage_Core_Block_Abstract->toHtml()
#7 /var/www/html/becommerce/app/code/core/Mage/Core/Block/Abstract.php(919): Mage_Core_Block_Text_List->_toHtml()
#8 /var/www/html/becommerce/app/code/core/Mage/Core/Block/Abstract.php(637): Mage_Core_Block_Abstract->toHtml()
#9 /var/www/html/becommerce/app/code/core/Mage/Core/Block/Abstract.php(581): Mage_Core_Block_Abstract->_getChildHtml('content', true)
#10 /var/www/html/becommerce/app/design/frontend/rwd/default/template/page/1column.phtml(55): Mage_Core_Block_Abstract->getChildHtml('content')
#11 /var/www/html/becommerce/app/code/core/Mage/Core/Block/Template.php(241): include('/var/www/html/b...')
#12 /var/www/html/becommerce/app/code/core/Mage/Core/Block/Template.php(272): Mage_Core_Block_Template->fetchView('frontend/rwd/de...')
#13 /var/www/html/becommerce/app/code/core/Mage/Core/Block/Template.php(286): Mage_Core_Block_Template->renderView()
#14 /var/www/html/becommerce/app/code/core/Mage/Core/Block/Abstract.php(919): Mage_Core_Block_Template->_toHtml()
#15 /var/www/html/becommerce/app/code/core/Mage/Core/Model/Layout.php(555): Mage_Core_Block_Abstract->toHtml()
#16 /var/www/html/becommerce/app/code/core/Mage/Core/Controller/Varien/Action.php(390): Mage_Core_Model_Layout->getOutput()
#17 /var/www/html/becommerce/app/code/core/Mage/Catalog/Helper/Product/View.php(147): Mage_Core_Controller_Varien_Action->renderLayout()
#18 /var/www/html/becommerce/app/code/core/Mage/Catalog/controllers/ProductController.php(132): Mage_Catalog_Helper_Product_View->prepareAndRender(877, Object(Mage_Catalog_ProductController), Object(Varien_Object))
#19 /var/www/html/becommerce/app/code/core/Mage/Core/Controller/Varien/Action.php(418): Mage_Catalog_ProductController->viewAction()
#20 /var/www/html/becommerce/app/code/core/Mage/Core/Controller/Varien/Router/Standard.php(254): Mage_Core_Controller_Varien_Action->dispatch('view')
#21 /var/www/html/becommerce/app/code/core/Mage/Core/Controller/Varien/Front.php(172): Mage_Core_Controller_Varien_Router_Standard->match(Object(Mage_Core_Controller_Request_Http))
#22 /var/www/html/becommerce/app/code/core/Mage/Core/Model/App.php(354): Mage_Core_Controller_Varien_Front->dispatch()
#23 /var/www/html/becommerce/app/Mage.php(684): Mage_Core_Model_App->run(Array)
#24 /var/www/html/becommerce/index.php(87): Mage::run('', 'store')
#25 {main}
2015-11-06T18:47:37+00:00 ERR (3): 
exception 'Varien_Exception' with message 'Invalid method Mage_Catalog_Block_Product_View::_isSecure(Array
(
)
)' in /var/www/html/becommerce/lib/Varien/Object.php:653
Stack trace:
#0 /var/www/html/becommerce/app/design/frontend/rwd/default/template/catalog/product/view.phtml(42): Varien_Object->__call('_isSecure', Array)
#1 /var/www/html/becommerce/app/design/frontend/rwd/default/template/catalog/product/view.phtml(42): Mage_Catalog_Block_Product_View->_isSecure()
#2 /var/www/html/becommerce/app/code/core/Mage/Core/Block/Template.php(241): include('/var/www/html/b...')
#3 /var/www/html/becommerce/app/code/core/Mage/Core/Block/Template.php(272): Mage_Core_Block_Template->fetchView('frontend/rwd/de...')
#4 /var/www/html/becommerce/app/code/core/Mage/Core/Block/Template.php(286): Mage_Core_Block_Template->renderView()
#5 /var/www/html/becommerce/app/code/core/Mage/Core/Block/Abstract.php(919): Mage_Core_Block_Template->_toHtml()
#6 /var/www/html/becommerce/app/code/core/Mage/Core/Block/Text/List.php(43): Mage_Core_Block_Abstract->toHtml()
#7 /var/www/html/becommerce/app/code/core/Mage/Core/Block/Abstract.php(919): Mage_Core_Block_Text_List->_toHtml()
#8 /var/www/html/becommerce/app/code/core/Mage/Core/Block/Abstract.php(637): Mage_Core_Block_Abstract->toHtml()
#9 /var/www/html/becommerce/app/code/core/Mage/Core/Block/Abstract.php(581): Mage_Core_Block_Abstract->_getChildHtml('content', true)
#10 /var/www/html/becommerce/app/design/frontend/rwd/default/template/page/1column.phtml(55): Mage_Core_Block_Abstract->getChildHtml('content')
#11 /var/www/html/becommerce/app/code/core/Mage/Core/Block/Template.php(241): include('/var/www/html/b...')
#12 /var/www/html/becommerce/app/code/core/Mage/Core/Block/Template.php(272): Mage_Core_Block_Template->fetchView('frontend/rwd/de...')
#13 /var/www/html/becommerce/app/code/core/Mage/Core/Block/Template.php(286): Mage_Core_Block_Template->renderView()
#14 /var/www/html/becommerce/app/code/core/Mage/Core/Block/Abstract.php(919): Mage_Core_Block_Template->_toHtml()
#15 /var/www/html/becommerce/app/code/core/Mage/Core/Model/Layout.php(555): Mage_Core_Block_Abstract->toHtml()
#16 /var/www/html/becommerce/app/code/core/Mage/Core/Controller/Varien/Action.php(390): Mage_Core_Model_Layout->getOutput()
#17 /var/www/html/becommerce/app/code/core/Mage/Catalog/Helper/Product/View.php(147): Mage_Core_Controller_Varien_Action->renderLayout()
#18 /var/www/html/becommerce/app/code/core/Mage/Catalog/controllers/ProductController.php(132): Mage_Catalog_Helper_Product_View->prepareAndRender(877, Object(Mage_Catalog_ProductController), Object(Varien_Object))
#19 /var/www/html/becommerce/app/code/core/Mage/Core/Controller/Varien/Action.php(418): Mage_Catalog_ProductController->viewAction()
#20 /var/www/html/becommerce/app/code/core/Mage/Core/Controller/Varien/Router/Standard.php(254): Mage_Core_Controller_Varien_Action->dispatch('view')
#21 /var/www/html/becommerce/app/code/core/Mage/Core/Controller/Varien/Front.php(172): Mage_Core_Controller_Varien_Router_Standard->match(Object(Mage_Core_Controller_Request_Http))
#22 /var/www/html/becommerce/app/code/core/Mage/Core/Model/App.php(354): Mage_Core_Controller_Varien_Front->dispatch()
#23 /var/www/html/becommerce/app/Mage.php(684): Mage_Core_Model_App->run(Array)
#24 /var/www/html/becommerce/index.php(87): Mage::run('', 'store')
#25 {main}
2015-11-06T18:48:28+00:00 ERR (3): 
exception 'Varien_Exception' with message 'Invalid method Mage_Catalog_Block_Product_View::_isSecure(Array
(
)
)' in /var/www/html/becommerce/lib/Varien/Object.php:653
Stack trace:
#0 /var/www/html/becommerce/app/design/frontend/rwd/default/template/catalog/product/view.phtml(42): Varien_Object->__call('_isSecure', Array)
#1 /var/www/html/becommerce/app/design/frontend/rwd/default/template/catalog/product/view.phtml(42): Mage_Catalog_Block_Product_View->_isSecure()
#2 /var/www/html/becommerce/app/code/core/Mage/Core/Block/Template.php(241): include('/var/www/html/b...')
#3 /var/www/html/becommerce/app/code/core/Mage/Core/Block/Template.php(272): Mage_Core_Block_Template->fetchView('frontend/rwd/de...')
#4 /var/www/html/becommerce/app/code/core/Mage/Core/Block/Template.php(286): Mage_Core_Block_Template->renderView()
#5 /var/www/html/becommerce/app/code/core/Mage/Core/Block/Abstract.php(919): Mage_Core_Block_Template->_toHtml()
#6 /var/www/html/becommerce/app/code/core/Mage/Core/Block/Text/List.php(43): Mage_Core_Block_Abstract->toHtml()
#7 /var/www/html/becommerce/app/code/core/Mage/Core/Block/Abstract.php(919): Mage_Core_Block_Text_List->_toHtml()
#8 /var/www/html/becommerce/app/code/core/Mage/Core/Block/Abstract.php(637): Mage_Core_Block_Abstract->toHtml()
#9 /var/www/html/becommerce/app/code/core/Mage/Core/Block/Abstract.php(581): Mage_Core_Block_Abstract->_getChildHtml('content', true)
#10 /var/www/html/becommerce/app/design/frontend/rwd/default/template/page/1column.phtml(55): Mage_Core_Block_Abstract->getChildHtml('content')
#11 /var/www/html/becommerce/app/code/core/Mage/Core/Block/Template.php(241): include('/var/www/html/b...')
#12 /var/www/html/becommerce/app/code/core/Mage/Core/Block/Template.php(272): Mage_Core_Block_Template->fetchView('frontend/rwd/de...')
#13 /var/www/html/becommerce/app/code/core/Mage/Core/Block/Template.php(286): Mage_Core_Block_Template->renderView()
#14 /var/www/html/becommerce/app/code/core/Mage/Core/Block/Abstract.php(919): Mage_Core_Block_Template->_toHtml()
#15 /var/www/html/becommerce/app/code/core/Mage/Core/Model/Layout.php(555): Mage_Core_Block_Abstract->toHtml()
#16 /var/www/html/becommerce/app/code/core/Mage/Core/Controller/Varien/Action.php(390): Mage_Core_Model_Layout->getOutput()
#17 /var/www/html/becommerce/app/code/core/Mage/Catalog/Helper/Product/View.php(147): Mage_Core_Controller_Varien_Action->renderLayout()
#18 /var/www/html/becommerce/app/code/core/Mage/Catalog/controllers/ProductController.php(132): Mage_Catalog_Helper_Product_View->prepareAndRender(877, Object(Mage_Catalog_ProductController), Object(Varien_Object))
#19 /var/www/html/becommerce/app/code/core/Mage/Core/Controller/Varien/Action.php(418): Mage_Catalog_ProductController->viewAction()
#20 /var/www/html/becommerce/app/code/core/Mage/Core/Controller/Varien/Router/Standard.php(254): Mage_Core_Controller_Varien_Action->dispatch('view')
#21 /var/www/html/becommerce/app/code/core/Mage/Core/Controller/Varien/Front.php(172): Mage_Core_Controller_Varien_Router_Standard->match(Object(Mage_Core_Controller_Request_Http))
#22 /var/www/html/becommerce/app/code/core/Mage/Core/Model/App.php(354): Mage_Core_Controller_Varien_Front->dispatch()
#23 /var/www/html/becommerce/app/Mage.php(684): Mage_Core_Model_App->run(Array)
#24 /var/www/html/becommerce/index.php(87): Mage::run('', 'store')
#25 {main}
2015-11-06T18:48:34+00:00 ERR (3): 
exception 'Varien_Exception' with message 'Invalid method Mage_Catalog_Block_Product_View::_isSecure(Array
(
)
)' in /var/www/html/becommerce/lib/Varien/Object.php:653
Stack trace:
#0 /var/www/html/becommerce/app/design/frontend/rwd/default/template/catalog/product/view.phtml(42): Varien_Object->__call('_isSecure', Array)
#1 /var/www/html/becommerce/app/design/frontend/rwd/default/template/catalog/product/view.phtml(42): Mage_Catalog_Block_Product_View->_isSecure()
#2 /var/www/html/becommerce/app/code/core/Mage/Core/Block/Template.php(241): include('/var/www/html/b...')
#3 /var/www/html/becommerce/app/code/core/Mage/Core/Block/Template.php(272): Mage_Core_Block_Template->fetchView('frontend/rwd/de...')
#4 /var/www/html/becommerce/app/code/core/Mage/Core/Block/Template.php(286): Mage_Core_Block_Template->renderView()
#5 /var/www/html/becommerce/app/code/core/Mage/Core/Block/Abstract.php(919): Mage_Core_Block_Template->_toHtml()
#6 /var/www/html/becommerce/app/code/core/Mage/Core/Block/Text/List.php(43): Mage_Core_Block_Abstract->toHtml()
#7 /var/www/html/becommerce/app/code/core/Mage/Core/Block/Abstract.php(919): Mage_Core_Block_Text_List->_toHtml()
#8 /var/www/html/becommerce/app/code/core/Mage/Core/Block/Abstract.php(637): Mage_Core_Block_Abstract->toHtml()
#9 /var/www/html/becommerce/app/code/core/Mage/Core/Block/Abstract.php(581): Mage_Core_Block_Abstract->_getChildHtml('content', true)
#10 /var/www/html/becommerce/app/design/frontend/rwd/default/template/page/1column.phtml(55): Mage_Core_Block_Abstract->getChildHtml('content')
#11 /var/www/html/becommerce/app/code/core/Mage/Core/Block/Template.php(241): include('/var/www/html/b...')
#12 /var/www/html/becommerce/app/code/core/Mage/Core/Block/Template.php(272): Mage_Core_Block_Template->fetchView('frontend/rwd/de...')
#13 /var/www/html/becommerce/app/code/core/Mage/Core/Block/Template.php(286): Mage_Core_Block_Template->renderView()
#14 /var/www/html/becommerce/app/code/core/Mage/Core/Block/Abstract.php(919): Mage_Core_Block_Template->_toHtml()
#15 /var/www/html/becommerce/app/code/core/Mage/Core/Model/Layout.php(555): Mage_Core_Block_Abstract->toHtml()
#16 /var/www/html/becommerce/app/code/core/Mage/Core/Controller/Varien/Action.php(390): Mage_Core_Model_Layout->getOutput()
#17 /var/www/html/becommerce/app/code/core/Mage/Catalog/Helper/Product/View.php(147): Mage_Core_Controller_Varien_Action->renderLayout()
#18 /var/www/html/becommerce/app/code/core/Mage/Catalog/controllers/ProductController.php(132): Mage_Catalog_Helper_Product_View->prepareAndRender(877, Object(Mage_Catalog_ProductController), Object(Varien_Object))
#19 /var/www/html/becommerce/app/code/core/Mage/Core/Controller/Varien/Action.php(418): Mage_Catalog_ProductController->viewAction()
#20 /var/www/html/becommerce/app/code/core/Mage/Core/Controller/Varien/Router/Standard.php(254): Mage_Core_Controller_Varien_Action->dispatch('view')
#21 /var/www/html/becommerce/app/code/core/Mage/Core/Controller/Varien/Front.php(172): Mage_Core_Controller_Varien_Router_Standard->match(Object(Mage_Core_Controller_Request_Http))
#22 /var/www/html/becommerce/app/code/core/Mage/Core/Model/App.php(354): Mage_Core_Controller_Varien_Front->dispatch()
#23 /var/www/html/becommerce/app/Mage.php(684): Mage_Core_Model_App->run(Array)
#24 /var/www/html/becommerce/index.php(87): Mage::run('', 'store')
#25 {main}
2015-11-06T18:52:37+00:00 ERR (3): 
exception 'Varien_Exception' with message 'Invalid method Mage_Catalog_Block_Product_View::_isSecure(Array
(
)
)' in /var/www/html/becommerce/lib/Varien/Object.php:653
Stack trace:
#0 /var/www/html/becommerce/app/design/frontend/rwd/default/template/catalog/product/view.phtml(42): Varien_Object->__call('_isSecure', Array)
#1 /var/www/html/becommerce/app/design/frontend/rwd/default/template/catalog/product/view.phtml(42): Mage_Catalog_Block_Product_View->_isSecure()
#2 /var/www/html/becommerce/app/code/core/Mage/Core/Block/Template.php(241): include('/var/www/html/b...')
#3 /var/www/html/becommerce/app/code/core/Mage/Core/Block/Template.php(272): Mage_Core_Block_Template->fetchView('frontend/rwd/de...')
#4 /var/www/html/becommerce/app/code/core/Mage/Core/Block/Template.php(286): Mage_Core_Block_Template->renderView()
#5 /var/www/html/becommerce/app/code/core/Mage/Core/Block/Abstract.php(919): Mage_Core_Block_Template->_toHtml()
#6 /var/www/html/becommerce/app/code/core/Mage/Core/Block/Text/List.php(43): Mage_Core_Block_Abstract->toHtml()
#7 /var/www/html/becommerce/app/code/core/Mage/Core/Block/Abstract.php(919): Mage_Core_Block_Text_List->_toHtml()
#8 /var/www/html/becommerce/app/code/core/Mage/Core/Block/Abstract.php(637): Mage_Core_Block_Abstract->toHtml()
#9 /var/www/html/becommerce/app/code/core/Mage/Core/Block/Abstract.php(581): Mage_Core_Block_Abstract->_getChildHtml('content', true)
#10 /var/www/html/becommerce/app/design/frontend/rwd/default/template/page/1column.phtml(55): Mage_Core_Block_Abstract->getChildHtml('content')
#11 /var/www/html/becommerce/app/code/core/Mage/Core/Block/Template.php(241): include('/var/www/html/b...')
#12 /var/www/html/becommerce/app/code/core/Mage/Core/Block/Template.php(272): Mage_Core_Block_Template->fetchView('frontend/rwd/de...')
#13 /var/www/html/becommerce/app/code/core/Mage/Core/Block/Template.php(286): Mage_Core_Block_Template->renderView()
#14 /var/www/html/becommerce/app/code/core/Mage/Core/Block/Abstract.php(919): Mage_Core_Block_Template->_toHtml()
#15 /var/www/html/becommerce/app/code/core/Mage/Core/Model/Layout.php(555): Mage_Core_Block_Abstract->toHtml()
#16 /var/www/html/becommerce/app/code/core/Mage/Core/Controller/Varien/Action.php(390): Mage_Core_Model_Layout->getOutput()
#17 /var/www/html/becommerce/app/code/core/Mage/Catalog/Helper/Product/View.php(147): Mage_Core_Controller_Varien_Action->renderLayout()
#18 /var/www/html/becommerce/app/code/core/Mage/Catalog/controllers/ProductController.php(132): Mage_Catalog_Helper_Product_View->prepareAndRender(877, Object(Mage_Catalog_ProductController), Object(Varien_Object))
#19 /var/www/html/becommerce/app/code/core/Mage/Core/Controller/Varien/Action.php(418): Mage_Catalog_ProductController->viewAction()
#20 /var/www/html/becommerce/app/code/core/Mage/Core/Controller/Varien/Router/Standard.php(254): Mage_Core_Controller_Varien_Action->dispatch('view')
#21 /var/www/html/becommerce/app/code/core/Mage/Core/Controller/Varien/Front.php(172): Mage_Core_Controller_Varien_Router_Standard->match(Object(Mage_Core_Controller_Request_Http))
#22 /var/www/html/becommerce/app/code/core/Mage/Core/Model/App.php(354): Mage_Core_Controller_Varien_Front->dispatch()
#23 /var/www/html/becommerce/app/Mage.php(684): Mage_Core_Model_App->run(Array)
#24 /var/www/html/becommerce/index.php(87): Mage::run('', 'store')
#25 {main}
2015-11-06T18:53:25+00:00 ERR (3): 
exception 'Varien_Exception' with message 'Invalid method Mage_Catalog_Block_Product_View::_isSecure(Array
(
)
)' in /var/www/html/becommerce/lib/Varien/Object.php:653
Stack trace:
#0 /var/www/html/becommerce/app/design/frontend/rwd/default/template/catalog/product/view.phtml(42): Varien_Object->__call('_isSecure', Array)
#1 /var/www/html/becommerce/app/design/frontend/rwd/default/template/catalog/product/view.phtml(42): Mage_Catalog_Block_Product_View->_isSecure()
#2 /var/www/html/becommerce/app/code/core/Mage/Core/Block/Template.php(241): include('/var/www/html/b...')
#3 /var/www/html/becommerce/app/code/core/Mage/Core/Block/Template.php(272): Mage_Core_Block_Template->fetchView('frontend/rwd/de...')
#4 /var/www/html/becommerce/app/code/core/Mage/Core/Block/Template.php(286): Mage_Core_Block_Template->renderView()
#5 /var/www/html/becommerce/app/code/core/Mage/Core/Block/Abstract.php(919): Mage_Core_Block_Template->_toHtml()
#6 /var/www/html/becommerce/app/code/core/Mage/Core/Block/Text/List.php(43): Mage_Core_Block_Abstract->toHtml()
#7 /var/www/html/becommerce/app/code/core/Mage/Core/Block/Abstract.php(919): Mage_Core_Block_Text_List->_toHtml()
#8 /var/www/html/becommerce/app/code/core/Mage/Core/Block/Abstract.php(637): Mage_Core_Block_Abstract->toHtml()
#9 /var/www/html/becommerce/app/code/core/Mage/Core/Block/Abstract.php(581): Mage_Core_Block_Abstract->_getChildHtml('content', true)
#10 /var/www/html/becommerce/app/design/frontend/rwd/default/template/page/1column.phtml(55): Mage_Core_Block_Abstract->getChildHtml('content')
#11 /var/www/html/becommerce/app/code/core/Mage/Core/Block/Template.php(241): include('/var/www/html/b...')
#12 /var/www/html/becommerce/app/code/core/Mage/Core/Block/Template.php(272): Mage_Core_Block_Template->fetchView('frontend/rwd/de...')
#13 /var/www/html/becommerce/app/code/core/Mage/Core/Block/Template.php(286): Mage_Core_Block_Template->renderView()
#14 /var/www/html/becommerce/app/code/core/Mage/Core/Block/Abstract.php(919): Mage_Core_Block_Template->_toHtml()
#15 /var/www/html/becommerce/app/code/core/Mage/Core/Model/Layout.php(555): Mage_Core_Block_Abstract->toHtml()
#16 /var/www/html/becommerce/app/code/core/Mage/Core/Controller/Varien/Action.php(390): Mage_Core_Model_Layout->getOutput()
#17 /var/www/html/becommerce/app/code/core/Mage/Catalog/Helper/Product/View.php(147): Mage_Core_Controller_Varien_Action->renderLayout()
#18 /var/www/html/becommerce/app/code/core/Mage/Catalog/controllers/ProductController.php(132): Mage_Catalog_Helper_Product_View->prepareAndRender(877, Object(Mage_Catalog_ProductController), Object(Varien_Object))
#19 /var/www/html/becommerce/app/code/core/Mage/Core/Controller/Varien/Action.php(418): Mage_Catalog_ProductController->viewAction()
#20 /var/www/html/becommerce/app/code/core/Mage/Core/Controller/Varien/Router/Standard.php(254): Mage_Core_Controller_Varien_Action->dispatch('view')
#21 /var/www/html/becommerce/app/code/core/Mage/Core/Controller/Varien/Front.php(172): Mage_Core_Controller_Varien_Router_Standard->match(Object(Mage_Core_Controller_Request_Http))
#22 /var/www/html/becommerce/app/code/core/Mage/Core/Model/App.php(354): Mage_Core_Controller_Varien_Front->dispatch()
#23 /var/www/html/becommerce/app/Mage.php(684): Mage_Core_Model_App->run(Array)
#24 /var/www/html/becommerce/index.php(87): Mage::run('', 'store')
#25 {main}
2015-11-06T18:54:18+00:00 ERR (3): 
exception 'Varien_Exception' with message 'Invalid method Mage_Catalog_Block_Product_View::_isSecure(Array
(
)
)' in /var/www/html/becommerce/lib/Varien/Object.php:653
Stack trace:
#0 /var/www/html/becommerce/app/design/frontend/rwd/default/template/catalog/product/view.phtml(42): Varien_Object->__call('_isSecure', Array)
#1 /var/www/html/becommerce/app/design/frontend/rwd/default/template/catalog/product/view.phtml(42): Mage_Catalog_Block_Product_View->_isSecure()
#2 /var/www/html/becommerce/app/code/core/Mage/Core/Block/Template.php(241): include('/var/www/html/b...')
#3 /var/www/html/becommerce/app/code/core/Mage/Core/Block/Template.php(272): Mage_Core_Block_Template->fetchView('frontend/rwd/de...')
#4 /var/www/html/becommerce/app/code/core/Mage/Core/Block/Template.php(286): Mage_Core_Block_Template->renderView()
#5 /var/www/html/becommerce/app/code/core/Mage/Core/Block/Abstract.php(919): Mage_Core_Block_Template->_toHtml()
#6 /var/www/html/becommerce/app/code/core/Mage/Core/Block/Text/List.php(43): Mage_Core_Block_Abstract->toHtml()
#7 /var/www/html/becommerce/app/code/core/Mage/Core/Block/Abstract.php(919): Mage_Core_Block_Text_List->_toHtml()
#8 /var/www/html/becommerce/app/code/core/Mage/Core/Block/Abstract.php(637): Mage_Core_Block_Abstract->toHtml()
#9 /var/www/html/becommerce/app/code/core/Mage/Core/Block/Abstract.php(581): Mage_Core_Block_Abstract->_getChildHtml('content', true)
#10 /var/www/html/becommerce/app/design/frontend/rwd/default/template/page/1column.phtml(55): Mage_Core_Block_Abstract->getChildHtml('content')
#11 /var/www/html/becommerce/app/code/core/Mage/Core/Block/Template.php(241): include('/var/www/html/b...')
#12 /var/www/html/becommerce/app/code/core/Mage/Core/Block/Template.php(272): Mage_Core_Block_Template->fetchView('frontend/rwd/de...')
#13 /var/www/html/becommerce/app/code/core/Mage/Core/Block/Template.php(286): Mage_Core_Block_Template->renderView()
#14 /var/www/html/becommerce/app/code/core/Mage/Core/Block/Abstract.php(919): Mage_Core_Block_Template->_toHtml()
#15 /var/www/html/becommerce/app/code/core/Mage/Core/Model/Layout.php(555): Mage_Core_Block_Abstract->toHtml()
#16 /var/www/html/becommerce/app/code/core/Mage/Core/Controller/Varien/Action.php(390): Mage_Core_Model_Layout->getOutput()
#17 /var/www/html/becommerce/app/code/core/Mage/Catalog/Helper/Product/View.php(147): Mage_Core_Controller_Varien_Action->renderLayout()
#18 /var/www/html/becommerce/app/code/core/Mage/Catalog/controllers/ProductController.php(132): Mage_Catalog_Helper_Product_View->prepareAndRender(877, Object(Mage_Catalog_ProductController), Object(Varien_Object))
#19 /var/www/html/becommerce/app/code/core/Mage/Core/Controller/Varien/Action.php(418): Mage_Catalog_ProductController->viewAction()
#20 /var/www/html/becommerce/app/code/core/Mage/Core/Controller/Varien/Router/Standard.php(254): Mage_Core_Controller_Varien_Action->dispatch('view')
#21 /var/www/html/becommerce/app/code/core/Mage/Core/Controller/Varien/Front.php(172): Mage_Core_Controller_Varien_Router_Standard->match(Object(Mage_Core_Controller_Request_Http))
#22 /var/www/html/becommerce/app/code/core/Mage/Core/Model/App.php(354): Mage_Core_Controller_Varien_Front->dispatch()
#23 /var/www/html/becommerce/app/Mage.php(684): Mage_Core_Model_App->run(Array)
#24 /var/www/html/becommerce/index.php(87): Mage::run('', 'store')
#25 {main}
2015-11-06T18:56:17+00:00 ERR (3): 
exception 'Varien_Exception' with message 'Invalid method Mage_Catalog_Block_Product_View::_isSecure(Array
(
)
)' in /var/www/html/becommerce/lib/Varien/Object.php:653
Stack trace:
#0 /var/www/html/becommerce/app/design/frontend/rwd/default/template/catalog/product/view.phtml(42): Varien_Object->__call('_isSecure', Array)
#1 /var/www/html/becommerce/app/design/frontend/rwd/default/template/catalog/product/view.phtml(42): Mage_Catalog_Block_Product_View->_isSecure()
#2 /var/www/html/becommerce/app/code/core/Mage/Core/Block/Template.php(241): include('/var/www/html/b...')
#3 /var/www/html/becommerce/app/code/core/Mage/Core/Block/Template.php(272): Mage_Core_Block_Template->fetchView('frontend/rwd/de...')
#4 /var/www/html/becommerce/app/code/core/Mage/Core/Block/Template.php(286): Mage_Core_Block_Template->renderView()
#5 /var/www/html/becommerce/app/code/core/Mage/Core/Block/Abstract.php(919): Mage_Core_Block_Template->_toHtml()
#6 /var/www/html/becommerce/app/code/core/Mage/Core/Block/Text/List.php(43): Mage_Core_Block_Abstract->toHtml()
#7 /var/www/html/becommerce/app/code/core/Mage/Core/Block/Abstract.php(919): Mage_Core_Block_Text_List->_toHtml()
#8 /var/www/html/becommerce/app/code/core/Mage/Core/Block/Abstract.php(637): Mage_Core_Block_Abstract->toHtml()
#9 /var/www/html/becommerce/app/code/core/Mage/Core/Block/Abstract.php(581): Mage_Core_Block_Abstract->_getChildHtml('content', true)
#10 /var/www/html/becommerce/app/design/frontend/rwd/default/template/page/1column.phtml(55): Mage_Core_Block_Abstract->getChildHtml('content')
#11 /var/www/html/becommerce/app/code/core/Mage/Core/Block/Template.php(241): include('/var/www/html/b...')
#12 /var/www/html/becommerce/app/code/core/Mage/Core/Block/Template.php(272): Mage_Core_Block_Template->fetchView('frontend/rwd/de...')
#13 /var/www/html/becommerce/app/code/core/Mage/Core/Block/Template.php(286): Mage_Core_Block_Template->renderView()
#14 /var/www/html/becommerce/app/code/core/Mage/Core/Block/Abstract.php(919): Mage_Core_Block_Template->_toHtml()
#15 /var/www/html/becommerce/app/code/core/Mage/Core/Model/Layout.php(555): Mage_Core_Block_Abstract->toHtml()
#16 /var/www/html/becommerce/app/code/core/Mage/Core/Controller/Varien/Action.php(390): Mage_Core_Model_Layout->getOutput()
#17 /var/www/html/becommerce/app/code/core/Mage/Catalog/Helper/Product/View.php(147): Mage_Core_Controller_Varien_Action->renderLayout()
#18 /var/www/html/becommerce/app/code/core/Mage/Catalog/controllers/ProductController.php(132): Mage_Catalog_Helper_Product_View->prepareAndRender(877, Object(Mage_Catalog_ProductController), Object(Varien_Object))
#19 /var/www/html/becommerce/app/code/core/Mage/Core/Controller/Varien/Action.php(418): Mage_Catalog_ProductController->viewAction()
#20 /var/www/html/becommerce/app/code/core/Mage/Core/Controller/Varien/Router/Standard.php(254): Mage_Core_Controller_Varien_Action->dispatch('view')
#21 /var/www/html/becommerce/app/code/core/Mage/Core/Controller/Varien/Front.php(172): Mage_Core_Controller_Varien_Router_Standard->match(Object(Mage_Core_Controller_Request_Http))
#22 /var/www/html/becommerce/app/code/core/Mage/Core/Model/App.php(354): Mage_Core_Controller_Varien_Front->dispatch()
#23 /var/www/html/becommerce/app/Mage.php(684): Mage_Core_Model_App->run(Array)
#24 /var/www/html/becommerce/index.php(87): Mage::run('', 'store')
#25 {main}
2015-11-06T19:01:48+00:00 DEBUG (7): Exception message: cache_dir "tmp/" is not writable
Trace: #0 /var/www/html/becommerce/lib/Zend/Cache/Backend/File.php(181): Zend_Cache::throwException('cache_dir "tmp/...')
#1 /var/www/html/becommerce/lib/Zend/Cache/Backend/File.php(129): Zend_Cache_Backend_File->setCacheDir('tmp/')
#2 /var/www/html/becommerce/lib/Zend/Cache.php(153): Zend_Cache_Backend_File->__construct(Array)
#3 /var/www/html/becommerce/lib/Zend/Cache.php(94): Zend_Cache::_makeBackend('File', Array, false, false)
#4 /var/www/html/becommerce/lib/Zend/Locale/Data.php(321): Zend_Cache::factory('Core', 'File', Array, Array)
#5 /var/www/html/becommerce/lib/Zend/Locale/Format.php(519): Zend_Locale_Data::getList('en_US', 'symbols')
#6 /var/www/html/becommerce/lib/Zend/Filter/LocalizedToNormalized.php(100): Zend_Locale_Format::isNumber('1', Array)
#7 /var/www/html/becommerce/app/code/core/Mage/Checkout/controllers/CartController.php(204): Zend_Filter_LocalizedToNormalized->filter('1')
#8 /var/www/html/becommerce/app/code/core/Mage/Core/Controller/Varien/Action.php(418): Mage_Checkout_CartController->addAction()
#9 /var/www/html/becommerce/app/code/core/Mage/Core/Controller/Varien/Router/Standard.php(254): Mage_Core_Controller_Varien_Action->dispatch('add')
#10 /var/www/html/becommerce/app/code/core/Mage/Core/Controller/Varien/Front.php(172): Mage_Core_Controller_Varien_Router_Standard->match(Object(Mage_Core_Controller_Request_Http))
#11 /var/www/html/becommerce/app/code/core/Mage/Core/Model/App.php(354): Mage_Core_Controller_Varien_Front->dispatch()
#12 /var/www/html/becommerce/app/Mage.php(684): Mage_Core_Model_App->run(Array)
#13 /var/www/html/becommerce/index.php(87): Mage::run('', 'store')
#14 {main}
2015-11-06T19:01:48+00:00 ERR (3): 
exception 'Zend_Cache_Exception' with message 'cache_dir "tmp/" is not writable' in /var/www/html/becommerce/lib/Zend/Cache.php:209
Stack trace:
#0 /var/www/html/becommerce/lib/Zend/Cache/Backend/File.php(181): Zend_Cache::throwException('cache_dir "tmp/...')
#1 /var/www/html/becommerce/lib/Zend/Cache/Backend/File.php(129): Zend_Cache_Backend_File->setCacheDir('tmp/')
#2 /var/www/html/becommerce/lib/Zend/Cache.php(153): Zend_Cache_Backend_File->__construct(Array)
#3 /var/www/html/becommerce/lib/Zend/Cache.php(94): Zend_Cache::_makeBackend('File', Array, false, false)
#4 /var/www/html/becommerce/lib/Zend/Locale/Data.php(321): Zend_Cache::factory('Core', 'File', Array, Array)
#5 /var/www/html/becommerce/lib/Zend/Locale/Format.php(519): Zend_Locale_Data::getList('en_US', 'symbols')
#6 /var/www/html/becommerce/lib/Zend/Filter/LocalizedToNormalized.php(100): Zend_Locale_Format::isNumber('1', Array)
#7 /var/www/html/becommerce/app/code/core/Mage/Checkout/controllers/CartController.php(204): Zend_Filter_LocalizedToNormalized->filter('1')
#8 /var/www/html/becommerce/app/code/core/Mage/Core/Controller/Varien/Action.php(418): Mage_Checkout_CartController->addAction()
#9 /var/www/html/becommerce/app/code/core/Mage/Core/Controller/Varien/Router/Standard.php(254): Mage_Core_Controller_Varien_Action->dispatch('add')
#10 /var/www/html/becommerce/app/code/core/Mage/Core/Controller/Varien/Front.php(172): Mage_Core_Controller_Varien_Router_Standard->match(Object(Mage_Core_Controller_Request_Http))
#11 /var/www/html/becommerce/app/code/core/Mage/Core/Model/App.php(354): Mage_Core_Controller_Varien_Front->dispatch()
#12 /var/www/html/becommerce/app/Mage.php(684): Mage_Core_Model_App->run(Array)
#13 /var/www/html/becommerce/index.php(87): Mage::run('', 'store')
#14 {main}
2015-11-06T19:02:04+00:00 DEBUG (7): Exception message: cache_dir "tmp/" is not writable
Trace: #0 /var/www/html/becommerce/lib/Zend/Cache/Backend/File.php(181): Zend_Cache::throwException('cache_dir "tmp/...')
#1 /var/www/html/becommerce/lib/Zend/Cache/Backend/File.php(129): Zend_Cache_Backend_File->setCacheDir('tmp/')
#2 /var/www/html/becommerce/lib/Zend/Cache.php(153): Zend_Cache_Backend_File->__construct(Array)
#3 /var/www/html/becommerce/lib/Zend/Cache.php(94): Zend_Cache::_makeBackend('File', Array, false, false)
#4 /var/www/html/becommerce/lib/Zend/Locale/Data.php(321): Zend_Cache::factory('Core', 'File', Array, Array)
#5 /var/www/html/becommerce/lib/Zend/Locale/Format.php(519): Zend_Locale_Data::getList('en_US', 'symbols')
#6 /var/www/html/becommerce/lib/Zend/Filter/LocalizedToNormalized.php(100): Zend_Locale_Format::isNumber('1', Array)
#7 /var/www/html/becommerce/app/code/core/Mage/Checkout/controllers/CartController.php(204): Zend_Filter_LocalizedToNormalized->filter('1')
#8 /var/www/html/becommerce/app/code/core/Mage/Core/Controller/Varien/Action.php(418): Mage_Checkout_CartController->addAction()
#9 /var/www/html/becommerce/app/code/core/Mage/Core/Controller/Varien/Router/Standard.php(254): Mage_Core_Controller_Varien_Action->dispatch('add')
#10 /var/www/html/becommerce/app/code/core/Mage/Core/Controller/Varien/Front.php(172): Mage_Core_Controller_Varien_Router_Standard->match(Object(Mage_Core_Controller_Request_Http))
#11 /var/www/html/becommerce/app/code/core/Mage/Core/Model/App.php(354): Mage_Core_Controller_Varien_Front->dispatch()
#12 /var/www/html/becommerce/app/Mage.php(684): Mage_Core_Model_App->run(Array)
#13 /var/www/html/becommerce/index.php(87): Mage::run('', 'store')
#14 {main}
2015-11-06T19:02:04+00:00 ERR (3): 
exception 'Zend_Cache_Exception' with message 'cache_dir "tmp/" is not writable' in /var/www/html/becommerce/lib/Zend/Cache.php:209
Stack trace:
#0 /var/www/html/becommerce/lib/Zend/Cache/Backend/File.php(181): Zend_Cache::throwException('cache_dir "tmp/...')
#1 /var/www/html/becommerce/lib/Zend/Cache/Backend/File.php(129): Zend_Cache_Backend_File->setCacheDir('tmp/')
#2 /var/www/html/becommerce/lib/Zend/Cache.php(153): Zend_Cache_Backend_File->__construct(Array)
#3 /var/www/html/becommerce/lib/Zend/Cache.php(94): Zend_Cache::_makeBackend('File', Array, false, false)
#4 /var/www/html/becommerce/lib/Zend/Locale/Data.php(321): Zend_Cache::factory('Core', 'File', Array, Array)
#5 /var/www/html/becommerce/lib/Zend/Locale/Format.php(519): Zend_Locale_Data::getList('en_US', 'symbols')
#6 /var/www/html/becommerce/lib/Zend/Filter/LocalizedToNormalized.php(100): Zend_Locale_Format::isNumber('1', Array)
#7 /var/www/html/becommerce/app/code/core/Mage/Checkout/controllers/CartController.php(204): Zend_Filter_LocalizedToNormalized->filter('1')
#8 /var/www/html/becommerce/app/code/core/Mage/Core/Controller/Varien/Action.php(418): Mage_Checkout_CartController->addAction()
#9 /var/www/html/becommerce/app/code/core/Mage/Core/Controller/Varien/Router/Standard.php(254): Mage_Core_Controller_Varien_Action->dispatch('add')
#10 /var/www/html/becommerce/app/code/core/Mage/Core/Controller/Varien/Front.php(172): Mage_Core_Controller_Varien_Router_Standard->match(Object(Mage_Core_Controller_Request_Http))
#11 /var/www/html/becommerce/app/code/core/Mage/Core/Model/App.php(354): Mage_Core_Controller_Varien_Front->dispatch()
#12 /var/www/html/becommerce/app/Mage.php(684): Mage_Core_Model_App->run(Array)
#13 /var/www/html/becommerce/index.php(87): Mage::run('', 'store')
#14 {main}
2015-11-06T19:03:14+00:00 DEBUG (7): Exception message: cache_dir "tmp/" is not writable
Trace: #0 /var/www/html/becommerce/lib/Zend/Cache/Backend/File.php(181): Zend_Cache::throwException('cache_dir "tmp/...')
#1 /var/www/html/becommerce/lib/Zend/Cache/Backend/File.php(129): Zend_Cache_Backend_File->setCacheDir('tmp/')
#2 /var/www/html/becommerce/lib/Zend/Cache.php(153): Zend_Cache_Backend_File->__construct(Array)
#3 /var/www/html/becommerce/lib/Zend/Cache.php(94): Zend_Cache::_makeBackend('File', Array, false, false)
#4 /var/www/html/becommerce/lib/Zend/Locale/Data.php(321): Zend_Cache::factory('Core', 'File', Array, Array)
#5 /var/www/html/becommerce/lib/Zend/Locale/Format.php(519): Zend_Locale_Data::getList('en_US', 'symbols')
#6 /var/www/html/becommerce/lib/Zend/Filter/LocalizedToNormalized.php(100): Zend_Locale_Format::isNumber('1', Array)
#7 /var/www/html/becommerce/app/code/core/Mage/Checkout/controllers/CartController.php(204): Zend_Filter_LocalizedToNormalized->filter('1')
#8 /var/www/html/becommerce/app/code/core/Mage/Core/Controller/Varien/Action.php(418): Mage_Checkout_CartController->addAction()
#9 /var/www/html/becommerce/app/code/core/Mage/Core/Controller/Varien/Router/Standard.php(254): Mage_Core_Controller_Varien_Action->dispatch('add')
#10 /var/www/html/becommerce/app/code/core/Mage/Core/Controller/Varien/Front.php(172): Mage_Core_Controller_Varien_Router_Standard->match(Object(Mage_Core_Controller_Request_Http))
#11 /var/www/html/becommerce/app/code/core/Mage/Core/Model/App.php(354): Mage_Core_Controller_Varien_Front->dispatch()
#12 /var/www/html/becommerce/app/Mage.php(684): Mage_Core_Model_App->run(Array)
#13 /var/www/html/becommerce/index.php(87): Mage::run('', 'store')
#14 {main}
2015-11-06T19:03:14+00:00 ERR (3): 
exception 'Zend_Cache_Exception' with message 'cache_dir "tmp/" is not writable' in /var/www/html/becommerce/lib/Zend/Cache.php:209
Stack trace:
#0 /var/www/html/becommerce/lib/Zend/Cache/Backend/File.php(181): Zend_Cache::throwException('cache_dir "tmp/...')
#1 /var/www/html/becommerce/lib/Zend/Cache/Backend/File.php(129): Zend_Cache_Backend_File->setCacheDir('tmp/')
#2 /var/www/html/becommerce/lib/Zend/Cache.php(153): Zend_Cache_Backend_File->__construct(Array)
#3 /var/www/html/becommerce/lib/Zend/Cache.php(94): Zend_Cache::_makeBackend('File', Array, false, false)
#4 /var/www/html/becommerce/lib/Zend/Locale/Data.php(321): Zend_Cache::factory('Core', 'File', Array, Array)
#5 /var/www/html/becommerce/lib/Zend/Locale/Format.php(519): Zend_Locale_Data::getList('en_US', 'symbols')
#6 /var/www/html/becommerce/lib/Zend/Filter/LocalizedToNormalized.php(100): Zend_Locale_Format::isNumber('1', Array)
#7 /var/www/html/becommerce/app/code/core/Mage/Checkout/controllers/CartController.php(204): Zend_Filter_LocalizedToNormalized->filter('1')
#8 /var/www/html/becommerce/app/code/core/Mage/Core/Controller/Varien/Action.php(418): Mage_Checkout_CartController->addAction()
#9 /var/www/html/becommerce/app/code/core/Mage/Core/Controller/Varien/Router/Standard.php(254): Mage_Core_Controller_Varien_Action->dispatch('add')
#10 /var/www/html/becommerce/app/code/core/Mage/Core/Controller/Varien/Front.php(172): Mage_Core_Controller_Varien_Router_Standard->match(Object(Mage_Core_Controller_Request_Http))
#11 /var/www/html/becommerce/app/code/core/Mage/Core/Model/App.php(354): Mage_Core_Controller_Varien_Front->dispatch()
#12 /var/www/html/becommerce/app/Mage.php(684): Mage_Core_Model_App->run(Array)
#13 /var/www/html/becommerce/index.php(87): Mage::run('', 'store')
#14 {main}
2015-11-06T19:04:55+00:00 DEBUG (7): Exception message: cache_dir "tmp/" is not writable
Trace: #0 /var/www/html/becommerce/lib/Zend/Cache/Backend/File.php(181): Zend_Cache::throwException('cache_dir "tmp/...')
#1 /var/www/html/becommerce/lib/Zend/Cache/Backend/File.php(129): Zend_Cache_Backend_File->setCacheDir('tmp/')
#2 /var/www/html/becommerce/lib/Zend/Cache.php(153): Zend_Cache_Backend_File->__construct(Array)
#3 /var/www/html/becommerce/lib/Zend/Cache.php(94): Zend_Cache::_makeBackend('File', Array, false, false)
#4 /var/www/html/becommerce/lib/Zend/Locale/Data.php(321): Zend_Cache::factory('Core', 'File', Array, Array)
#5 /var/www/html/becommerce/lib/Zend/Locale/Format.php(519): Zend_Locale_Data::getList('en_US', 'symbols')
#6 /var/www/html/becommerce/lib/Zend/Filter/LocalizedToNormalized.php(100): Zend_Locale_Format::isNumber('1', Array)
#7 /var/www/html/becommerce/app/code/core/Mage/Checkout/controllers/CartController.php(204): Zend_Filter_LocalizedToNormalized->filter('1')
#8 /var/www/html/becommerce/app/code/core/Mage/Core/Controller/Varien/Action.php(418): Mage_Checkout_CartController->addAction()
#9 /var/www/html/becommerce/app/code/core/Mage/Core/Controller/Varien/Router/Standard.php(254): Mage_Core_Controller_Varien_Action->dispatch('add')
#10 /var/www/html/becommerce/app/code/core/Mage/Core/Controller/Varien/Front.php(172): Mage_Core_Controller_Varien_Router_Standard->match(Object(Mage_Core_Controller_Request_Http))
#11 /var/www/html/becommerce/app/code/core/Mage/Core/Model/App.php(354): Mage_Core_Controller_Varien_Front->dispatch()
#12 /var/www/html/becommerce/app/Mage.php(684): Mage_Core_Model_App->run(Array)
#13 /var/www/html/becommerce/index.php(87): Mage::run('', 'store')
#14 {main}
2015-11-06T19:04:55+00:00 ERR (3): 
exception 'Zend_Cache_Exception' with message 'cache_dir "tmp/" is not writable' in /var/www/html/becommerce/lib/Zend/Cache.php:209
Stack trace:
#0 /var/www/html/becommerce/lib/Zend/Cache/Backend/File.php(181): Zend_Cache::throwException('cache_dir "tmp/...')
#1 /var/www/html/becommerce/lib/Zend/Cache/Backend/File.php(129): Zend_Cache_Backend_File->setCacheDir('tmp/')
#2 /var/www/html/becommerce/lib/Zend/Cache.php(153): Zend_Cache_Backend_File->__construct(Array)
#3 /var/www/html/becommerce/lib/Zend/Cache.php(94): Zend_Cache::_makeBackend('File', Array, false, false)
#4 /var/www/html/becommerce/lib/Zend/Locale/Data.php(321): Zend_Cache::factory('Core', 'File', Array, Array)
#5 /var/www/html/becommerce/lib/Zend/Locale/Format.php(519): Zend_Locale_Data::getList('en_US', 'symbols')
#6 /var/www/html/becommerce/lib/Zend/Filter/LocalizedToNormalized.php(100): Zend_Locale_Format::isNumber('1', Array)
#7 /var/www/html/becommerce/app/code/core/Mage/Checkout/controllers/CartController.php(204): Zend_Filter_LocalizedToNormalized->filter('1')
#8 /var/www/html/becommerce/app/code/core/Mage/Core/Controller/Varien/Action.php(418): Mage_Checkout_CartController->addAction()
#9 /var/www/html/becommerce/app/code/core/Mage/Core/Controller/Varien/Router/Standard.php(254): Mage_Core_Controller_Varien_Action->dispatch('add')
#10 /var/www/html/becommerce/app/code/core/Mage/Core/Controller/Varien/Front.php(172): Mage_Core_Controller_Varien_Router_Standard->match(Object(Mage_Core_Controller_Request_Http))
#11 /var/www/html/becommerce/app/code/core/Mage/Core/Model/App.php(354): Mage_Core_Controller_Varien_Front->dispatch()
#12 /var/www/html/becommerce/app/Mage.php(684): Mage_Core_Model_App->run(Array)
#13 /var/www/html/becommerce/index.php(87): Mage::run('', 'store')
#14 {main}
2015-11-06T19:09:04+00:00 DEBUG (7): Exception message: cache_dir "tmp/" is not writable
Trace: #0 /var/www/html/becommerce/lib/Zend/Cache/Backend/File.php(181): Zend_Cache::throwException('cache_dir "tmp/...')
#1 /var/www/html/becommerce/lib/Zend/Cache/Backend/File.php(129): Zend_Cache_Backend_File->setCacheDir('tmp/')
#2 /var/www/html/becommerce/lib/Zend/Cache.php(153): Zend_Cache_Backend_File->__construct(Array)
#3 /var/www/html/becommerce/lib/Zend/Cache.php(94): Zend_Cache::_makeBackend('File', Array, false, false)
#4 /var/www/html/becommerce/lib/Zend/Locale/Data.php(321): Zend_Cache::factory('Core', 'File', Array, Array)
#5 /var/www/html/becommerce/lib/Zend/Locale/Format.php(519): Zend_Locale_Data::getList('en_US', 'symbols')
#6 /var/www/html/becommerce/lib/Zend/Filter/LocalizedToNormalized.php(100): Zend_Locale_Format::isNumber('1', Array)
#7 /var/www/html/becommerce/app/code/core/Mage/Checkout/controllers/CartController.php(204): Zend_Filter_LocalizedToNormalized->filter('1')
#8 /var/www/html/becommerce/app/code/core/Mage/Core/Controller/Varien/Action.php(418): Mage_Checkout_CartController->addAction()
#9 /var/www/html/becommerce/app/code/core/Mage/Core/Controller/Varien/Router/Standard.php(254): Mage_Core_Controller_Varien_Action->dispatch('add')
#10 /var/www/html/becommerce/app/code/core/Mage/Core/Controller/Varien/Front.php(172): Mage_Core_Controller_Varien_Router_Standard->match(Object(Mage_Core_Controller_Request_Http))
#11 /var/www/html/becommerce/app/code/core/Mage/Core/Model/App.php(354): Mage_Core_Controller_Varien_Front->dispatch()
#12 /var/www/html/becommerce/app/Mage.php(684): Mage_Core_Model_App->run(Array)
#13 /var/www/html/becommerce/index.php(87): Mage::run('', 'store')
#14 {main}
2015-11-06T19:09:04+00:00 ERR (3): 
exception 'Zend_Cache_Exception' with message 'cache_dir "tmp/" is not writable' in /var/www/html/becommerce/lib/Zend/Cache.php:209
Stack trace:
#0 /var/www/html/becommerce/lib/Zend/Cache/Backend/File.php(181): Zend_Cache::throwException('cache_dir "tmp/...')
#1 /var/www/html/becommerce/lib/Zend/Cache/Backend/File.php(129): Zend_Cache_Backend_File->setCacheDir('tmp/')
#2 /var/www/html/becommerce/lib/Zend/Cache.php(153): Zend_Cache_Backend_File->__construct(Array)
#3 /var/www/html/becommerce/lib/Zend/Cache.php(94): Zend_Cache::_makeBackend('File', Array, false, false)
#4 /var/www/html/becommerce/lib/Zend/Locale/Data.php(321): Zend_Cache::factory('Core', 'File', Array, Array)
#5 /var/www/html/becommerce/lib/Zend/Locale/Format.php(519): Zend_Locale_Data::getList('en_US', 'symbols')
#6 /var/www/html/becommerce/lib/Zend/Filter/LocalizedToNormalized.php(100): Zend_Locale_Format::isNumber('1', Array)
#7 /var/www/html/becommerce/app/code/core/Mage/Checkout/controllers/CartController.php(204): Zend_Filter_LocalizedToNormalized->filter('1')
#8 /var/www/html/becommerce/app/code/core/Mage/Core/Controller/Varien/Action.php(418): Mage_Checkout_CartController->addAction()
#9 /var/www/html/becommerce/app/code/core/Mage/Core/Controller/Varien/Router/Standard.php(254): Mage_Core_Controller_Varien_Action->dispatch('add')
#10 /var/www/html/becommerce/app/code/core/Mage/Core/Controller/Varien/Front.php(172): Mage_Core_Controller_Varien_Router_Standard->match(Object(Mage_Core_Controller_Request_Http))
#11 /var/www/html/becommerce/app/code/core/Mage/Core/Model/App.php(354): Mage_Core_Controller_Varien_Front->dispatch()
#12 /var/www/html/becommerce/app/Mage.php(684): Mage_Core_Model_App->run(Array)
#13 /var/www/html/becommerce/index.php(87): Mage::run('', 'store')
#14 {main}
2015-11-06T19:11:03+00:00 DEBUG (7): Exception message: cache_dir "tmp/" is not writable
Trace: #0 /var/www/html/becommerce/lib/Zend/Cache/Backend/File.php(181): Zend_Cache::throwException('cache_dir "tmp/...')
#1 /var/www/html/becommerce/lib/Zend/Cache/Backend/File.php(129): Zend_Cache_Backend_File->setCacheDir('tmp/')
#2 /var/www/html/becommerce/lib/Zend/Cache.php(153): Zend_Cache_Backend_File->__construct(Array)
#3 /var/www/html/becommerce/lib/Zend/Cache.php(94): Zend_Cache::_makeBackend('File', Array, false, false)
#4 /var/www/html/becommerce/lib/Zend/Locale/Data.php(321): Zend_Cache::factory('Core', 'File', Array, Array)
#5 /var/www/html/becommerce/lib/Zend/Locale/Format.php(519): Zend_Locale_Data::getList('en_US', 'symbols')
#6 /var/www/html/becommerce/lib/Zend/Filter/LocalizedToNormalized.php(100): Zend_Locale_Format::isNumber('1', Array)
#7 /var/www/html/becommerce/app/code/core/Mage/Checkout/controllers/CartController.php(204): Zend_Filter_LocalizedToNormalized->filter('1')
#8 /var/www/html/becommerce/app/code/core/Mage/Core/Controller/Varien/Action.php(418): Mage_Checkout_CartController->addAction()
#9 /var/www/html/becommerce/app/code/core/Mage/Core/Controller/Varien/Router/Standard.php(254): Mage_Core_Controller_Varien_Action->dispatch('add')
#10 /var/www/html/becommerce/app/code/core/Mage/Core/Controller/Varien/Front.php(172): Mage_Core_Controller_Varien_Router_Standard->match(Object(Mage_Core_Controller_Request_Http))
#11 /var/www/html/becommerce/app/code/core/Mage/Core/Model/App.php(354): Mage_Core_Controller_Varien_Front->dispatch()
#12 /var/www/html/becommerce/app/Mage.php(684): Mage_Core_Model_App->run(Array)
#13 /var/www/html/becommerce/index.php(87): Mage::run('', 'store')
#14 {main}
2015-11-06T19:11:03+00:00 ERR (3): 
exception 'Zend_Cache_Exception' with message 'cache_dir "tmp/" is not writable' in /var/www/html/becommerce/lib/Zend/Cache.php:209
Stack trace:
#0 /var/www/html/becommerce/lib/Zend/Cache/Backend/File.php(181): Zend_Cache::throwException('cache_dir "tmp/...')
#1 /var/www/html/becommerce/lib/Zend/Cache/Backend/File.php(129): Zend_Cache_Backend_File->setCacheDir('tmp/')
#2 /var/www/html/becommerce/lib/Zend/Cache.php(153): Zend_Cache_Backend_File->__construct(Array)
#3 /var/www/html/becommerce/lib/Zend/Cache.php(94): Zend_Cache::_makeBackend('File', Array, false, false)
#4 /var/www/html/becommerce/lib/Zend/Locale/Data.php(321): Zend_Cache::factory('Core', 'File', Array, Array)
#5 /var/www/html/becommerce/lib/Zend/Locale/Format.php(519): Zend_Locale_Data::getList('en_US', 'symbols')
#6 /var/www/html/becommerce/lib/Zend/Filter/LocalizedToNormalized.php(100): Zend_Locale_Format::isNumber('1', Array)
#7 /var/www/html/becommerce/app/code/core/Mage/Checkout/controllers/CartController.php(204): Zend_Filter_LocalizedToNormalized->filter('1')
#8 /var/www/html/becommerce/app/code/core/Mage/Core/Controller/Varien/Action.php(418): Mage_Checkout_CartController->addAction()
#9 /var/www/html/becommerce/app/code/core/Mage/Core/Controller/Varien/Router/Standard.php(254): Mage_Core_Controller_Varien_Action->dispatch('add')
#10 /var/www/html/becommerce/app/code/core/Mage/Core/Controller/Varien/Front.php(172): Mage_Core_Controller_Varien_Router_Standard->match(Object(Mage_Core_Controller_Request_Http))
#11 /var/www/html/becommerce/app/code/core/Mage/Core/Model/App.php(354): Mage_Core_Controller_Varien_Front->dispatch()
#12 /var/www/html/becommerce/app/Mage.php(684): Mage_Core_Model_App->run(Array)
#13 /var/www/html/becommerce/index.php(87): Mage::run('', 'store')
#14 {main}
2015-12-15T15:23:34+00:00 ERR (3): 
exception 'Mage_Core_Exception' with message 'Please log in to your Amazon account by clicking the Amazon pay button.' in /var/www/html/becommerce/app/Mage.php:595
Stack trace:
#0 /var/www/html/becommerce/app/code/community/Amazon/Payments/Model/PaymentMethod.php(216): Mage::throwException('Please log in t...')
#1 /var/www/html/becommerce/app/code/community/Amazon/Payments/Model/PaymentMethod.php(84): Amazon_Payments_Model_PaymentMethod->order(Object(Mage_Sales_Model_Order_Payment), 29.99)
#2 /var/www/html/becommerce/app/code/core/Mage/Sales/Model/Order/Payment.php(334): Amazon_Payments_Model_PaymentMethod->initialize('authorize_captu...', Object(Varien_Object))
#3 /var/www/html/becommerce/app/code/core/Mage/Sales/Model/Order.php(896): Mage_Sales_Model_Order_Payment->place()
#4 /var/www/html/becommerce/app/code/core/Mage/Sales/Model/Order.php(1114): Mage_Sales_Model_Order->_placePayment()
#5 [internal function]: Mage_Sales_Model_Order->place()
#6 /var/www/html/becommerce/app/code/core/Mage/Core/Model/Resource/Transaction.php(105): call_user_func(Array)
#7 /var/www/html/becommerce/app/code/core/Mage/Core/Model/Resource/Transaction.php(159): Mage_Core_Model_Resource_Transaction->_runCallbacks()
#8 /var/www/html/becommerce/app/code/core/Mage/Sales/Model/Service/Quote.php(189): Mage_Core_Model_Resource_Transaction->save()
#9 /var/www/html/becommerce/app/code/core/Mage/Sales/Model/Service/Quote.php(249): Mage_Sales_Model_Service_Quote->submitOrder()
#10 /var/www/html/becommerce/app/code/core/Mage/Checkout/Model/Type/Onepage.php(784): Mage_Sales_Model_Service_Quote->submitAll()
#11 /var/www/html/becommerce/app/code/core/Mage/Checkout/controllers/OnepageController.php(579): Mage_Checkout_Model_Type_Onepage->saveOrder()
#12 /var/www/html/becommerce/app/code/core/Mage/Core/Controller/Varien/Action.php(418): Mage_Checkout_OnepageController->saveOrderAction()
#13 /var/www/html/becommerce/app/code/core/Mage/Core/Controller/Varien/Router/Standard.php(254): Mage_Core_Controller_Varien_Action->dispatch('saveOrder')
#14 /var/www/html/becommerce/app/code/core/Mage/Core/Controller/Varien/Front.php(172): Mage_Core_Controller_Varien_Router_Standard->match(Object(Mage_Core_Controller_Request_Http))
#15 /var/www/html/becommerce/app/code/core/Mage/Core/Model/App.php(354): Mage_Core_Controller_Varien_Front->dispatch()
#16 /var/www/html/becommerce/app/Mage.php(684): Mage_Core_Model_App->run(Array)
#17 /var/www/html/becommerce/index.php(87): Mage::run('', 'store')
#18 {main}
